<?xml version="1.0" encoding="UTF-8"?>
<testsuite xmlns:xsi="http://www.w3.org/2001/XMLSchema-instance" xsi:noNamespaceSchemaLocation="https://maven.apache.org/surefire/maven-surefire-plugin/xsd/surefire-test-report-3.0.xsd" version="3.0" name="StepDefinitions.TestRunner" time="1.897" tests="18" errors="0" skipped="4" failures="0">
  <properties>
[...]
</properties>
  <testcase name="Listar Cargos" classname="Gestión de Cargos" time="0.809">
    <system-out><![CDATA[
Scenario: Listar Cargos                                          # src/test/resources/Features/cargo.feature:7
  Given el usuario está en la página de administración de cargos # StepDefinitions.CargoSteps.user_is_on_cargo_admin_page()
  When el usuario lista los cargos                               # StepDefinitions.CargoSteps.user_lists_cargos()
  Then se deberían mostrar todos los cargos                      # StepDefinitions.CargoSteps.cargos_should_be_displayed()
]]></system-out>
    <system-err><![CDATA[dic. 14, 2023 10:43:10 P. M. io.cucumber.junit.Cucumber <init>
WARNING: By default Cucumber is running in --non-strict mode.
This default will change to --strict and --non-strict will be removed.
You can use --strict or @CucumberOptions(strict = true) to suppress this warning
]]></system-err>
  </testcase>
  <testcase name="Buscar Cargo por Código" classname="Gestión de Cargos" time="0.033">
    <system-out><![CDATA[
Scenario: Buscar Cargo por Código                                # src/test/resources/Features/cargo.feature:12
  Given el usuario está en la página de administración de cargos # StepDefinitions.CargoSteps.user_is_on_cargo_admin_page()
  When el usuario busca un cargo por código                      # StepDefinitions.CargoSteps.user_searches_cargo_by_code()
  Then debería encontrar el cargo correspondiente                # StepDefinitions.CargoSteps.cargo_should_be_found()
]]></system-out>
  </testcase>
  <testcase name="Agregar Nuevo Cargo" classname="Gestión de Cargos" time="0.037">
    <system-out><![CDATA[
Scenario: Agregar Nuevo Cargo                                    # src/test/resources/Features/cargo.feature:17
  Given el usuario está en la página de administración de cargos # StepDefinitions.CargoSteps.user_is_on_cargo_admin_page()
error al agregar Duplicate entry '3' for key 'PRIMARY'  When el usuario agrega un nuevo cargo                          # StepDefinitions.CargoSteps.user_adds_new_cargo()
  Then el nuevo cargo debería estar en la lista de cargos        # StepDefinitions.CargoSteps.new_cargo_should_be_in_cargo_list()
]]></system-out>
  </testcase>
  <testcase name="Eliminar Cargo" classname="Gestión de Cargos" time="0.024">
    <system-out><![CDATA[
Scenario: Eliminar Cargo                                         # src/test/resources/Features/cargo.feature:22
  Given el usuario está en la página de administración de cargos # StepDefinitions.CargoSteps.user_is_on_cargo_admin_page()
  When el usuario elimina un cargo                               # StepDefinitions.CargoSteps.user_deletes_cargo()
  Then el cargo debería ser eliminado de la lista de cargos      # StepDefinitions.CargoSteps.cargo_should_be_deleted_from_cargo_list()
]]></system-out>
  </testcase>
  <testcase name="Modificar Cargo" classname="Gestión de Cargos" time="0.019">
    <system-out><![CDATA[
Scenario: Modificar Cargo                                          # src/test/resources/Features/cargo.feature:27
  Given el usuario está en la página de administración de cargos   # StepDefinitions.CargoSteps.user_is_on_cargo_admin_page()
update tbcargos set nombre='Visitante'where id=2;  When el usuario modifica un cargo                                # StepDefinitions.CargoSteps.user_modifies_cargo()
  Then el cargo debería reflejar los cambios en la lista de cargos # StepDefinitions.CargoSteps.cargo_should_reflect_changes_in_cargo_list()
]]></system-out>
  </testcase>
  <testcase name="Listar clientes" classname="Gestión de Clientes" time="0.024">
    <system-out><![CDATA[
Scenario: Listar clientes                                   # src/test/resources/Features/cliente.feature:7
  Given el usuario está en la página de gestión de clientes # StepDefinitions.ClienteSteps.user_is_on_client_management_page()
  When el usuario lista los clientes                        # StepDefinitions.ClienteSteps.user_lists_clients()
  Then se deberían mostrar todos los clientes               # StepDefinitions.ClienteSteps.clients_should_be_displayed()
]]></system-out>
  </testcase>
  <testcase name="Agregar nuevo cliente" classname="Gestión de Clientes" time="0.029">
    <system-out><![CDATA[
Scenario: Agregar nuevo cliente                                                                                              # src/test/resources/Features/cliente.feature:12
  Given el usuario está en la página de gestión de clientes                                                                  # StepDefinitions.ClienteSteps.user_is_on_client_management_page()
error al agregar Data truncation: Data too long for column 'telefono' at row 1  When el usuario agrega un nuevo cliente con DNI "{DNI}", nombre "{Nombre}", apellido "{Apellido}", y teléfono "{Telefono}" # StepDefinitions.ClienteSteps.user_adds_new_client(java.lang.String,java.lang.String,java.lang.String,java.lang.String)
  Then el nuevo cliente debería estar en la lista de clientes                                                                # StepDefinitions.ClienteSteps.new_client_should_be_in_client_list()
]]></system-out>
  </testcase>
  <testcase name="Buscar cliente por DNI" classname="Gestión de Clientes" time="0.012">
    <system-out><![CDATA[
Scenario: Buscar cliente por DNI                            # src/test/resources/Features/cliente.feature:17
  Given el usuario está en la página de gestión de clientes # StepDefinitions.ClienteSteps.user_is_on_client_management_page()
  When el usuario busca un cliente por DNI "{DNI}"          # StepDefinitions.ClienteSteps.user_searches_client_by_dni(java.lang.String)
  Then debería encontrar el cliente correspondiente         # StepDefinitions.ClienteSteps.client_should_be_found()
]]></system-out>
  </testcase>
  <testcase name="Modificar cliente" classname="Gestión de Clientes" time="0.34">
    <system-out><![CDATA[
Scenario: Modificar cliente                                                                   # src/test/resources/Features/cliente.feature:22
  Given el usuario está en la página de gestión de clientes                                   # StepDefinitions.ClienteSteps.user_is_on_client_management_page()
UPDATE tbcliente SET direccion = '{NuevoNombre}',apellido = 'null',telefono = 'null' WHERE dni = {DNI}error al Modificar You have an error in your SQL syntax; check the manual that corresponds to your MariaDB server version for the right syntax to use near '}' at line 1  When el usuario modifica el cliente con DNI "{DNI}" y actualiza el nombre a "{NuevoNombre}" # StepDefinitions.ClienteSteps.user_modifies_client(java.lang.String,java.lang.String)
  Then el cliente debería reflejar los cambios en la lista de clientes                        # StepDefinitions.ClienteSteps.client_should_reflect_changes_in_client_list()
]]></system-out>
  </testcase>
  <testcase name="Eliminar cliente" classname="Gestión de Clientes" time="0.001">
    <system-out><![CDATA[
Scenario: Eliminar cliente                                      # src/test/resources/Features/cliente.feature:27
  Given el usuario está en la página de gestión de clientes     # StepDefinitions.ClienteSteps.user_is_on_client_management_page()
  When el usuario elimina el cliente con DNI "{DNI}"            # StepDefinitions.ClienteSteps.user_deletes_client(java.lang.String)
  Then el cliente debería ser eliminado de la lista de clientes # StepDefinitions.ClienteSteps.client_should_be_deleted_from_client_list()
]]></system-out>
  </testcase>
  <testcase name="Verificar la conexión a la base de datos" classname="feature para probar la conexión a la base de datos" time="0.001">
    <system-out><![CDATA[
Scenario: Verificar la conexión a la base de datos  # src/test/resources/Features/conexion.feature:7
  Given se establece la conexión a la base de datos # StepDefinitions.ConexionSteps.seEstableceLaConexionALaBaseDeDatos()
  When se realiza una consulta simple               # StepDefinitions.ConexionSteps.seRealizaUnaConsultaSimple()
  Then la conexión a la base de datos es exitosa    # StepDefinitions.ConexionSteps.laConexionALaBaseDeDatosEsExitosa()
]]></system-out>
  </testcase>
  <testcase name="Check password recovery is successful with valid email" classname="feature to test password recovery functionality" time="0.002">
    <system-out><![CDATA[
Scenario: Check password recovery is successful with valid email # src/test/resources/Features/recovery.feature:4
Inside Step - user is on the password recovery page
  Given user is on the password recovery page                    # StepDefinitions.RecoverySteps.user_is_on_password_recovery_page()
Inside Step - user enters their registered email
  When user enters their registered email                        # StepDefinitions.RecoverySteps.user_enters_registered_email()
Inside Step - clicks on the recovery button
  And clicks on the recovery button                              # StepDefinitions.RecoverySteps.clicks_on_recovery_button()
Inside Step - user receives a password reset email
  Then user receives a password reset email                      # StepDefinitions.RecoverySteps.user_receives_password_reset_email()
]]></system-out>
  </testcase>
  <testcase name="Check password recovery fails with an invalid email" classname="feature to test password recovery functionality" time="0.001">
    <system-out><![CDATA[
Scenario: Check password recovery fails with an invalid email # src/test/resources/Features/recovery.feature:10
Inside Step - user is on the password recovery page
  Given user is on the password recovery page                 # StepDefinitions.RecoverySteps.user_is_on_password_recovery_page()
Inside Step - user enters an invalid email
  When user enters an invalid email                           # StepDefinitions.RecoverySteps.user_enters_invalid_email()
Inside Step - clicks on the recovery button
  And clicks on the recovery button                           # StepDefinitions.RecoverySteps.clicks_on_recovery_button()
Inside Step - user sees an error message
  Then user sees an error message                             # StepDefinitions.RecoverySteps.user_sees_error_message()
]]></system-out>
  </testcase>
  <testcase name="Realizar una reserva exitosa" classname="Reservar una habitación de hotel" time="0.001">
    <system-out><![CDATA[
Scenario: Realizar una reserva exitosa                                                                                  # src/test/resources/Features/reserva.feature:7
  Given el usuario está en la página de reservas                                                                        # StepDefinitions.ReservaSteps.elUsuarioEstaEnLaPaginaDeReservas()
  When el usuario selecciona una habitación individual con fecha de entrada "2023-12-01" y fecha de salida "2023-12-05" # StepDefinitions.ReservaSteps.elUsuarioSeleccionaUnaHabitacionIndividualConFechas(java.lang.String,java.lang.String)
  And completa la información del huésped con nombre "Juan Pérez" y número de teléfono "123456789"                      # StepDefinitions.ReservaSteps.completaLaInformacionDelHuesped(java.lang.String,java.lang.String)
  And hace clic en el botón de reserva                                                                                  # StepDefinitions.ReservaSteps.haceClicEnElBotonDeReserva()
  Then la reserva debería ser confirmada con un número de reserva único                                                 # StepDefinitions.ReservaSteps.laReservaDeberiaSerConfirmadaConNumeroUnico()
  And el usuario debería recibir un correo electrónico de confirmación                                                  # StepDefinitions.ReservaSteps.elUsuarioDeberiaRecibirCorreoDeConfirmacion()
]]></system-out>
  </testcase>
  <testcase name="Agregar un nuevo usuario" classname="Funcionalidad para probar la gestión de usuarios" time="0.0">
    <skipped message="The step &quot;no hay usuarios registrados&quot; is undefined. You can implement it using the snippet(s) below:&#10;&#10;@Given(&quot;no hay usuarios registrados&quot;)&#10;public void no_hay_usuarios_registrados() {&#10;    // Write code here that turns the phrase above into concrete actions&#10;    throw new io.cucumber.java.PendingException();&#10;}&#10;&#10;&#10;Some other steps were also undefined:&#10;&#10;@When(&quot;se agrega un usuario con DNI {string}, clave {string}, nombre {string}, apellido {string}, email {string}, teléfono {string}, estado {string} y cargo {string}&quot;)&#10;public void se_agrega_un_usuario_con_DNI_clave_nombre_apellido_email_teléfono_estado_y_cargo(String string, String string2, String string3, String string4, String string5, String string6, String string7, String string8) {&#10;    // Write code here that turns the phrase above into concrete actions&#10;    throw new io.cucumber.java.PendingException();&#10;}&#10;@Then(&quot;la lista de usuarios debe contener un usuario&quot;)&#10;public void la_lista_de_usuarios_debe_contener_un_usuario() {&#10;    // Write code here that turns the phrase above into concrete actions&#10;    throw new io.cucumber.java.PendingException();&#10;}&#10;@Then(&quot;el usuario debe tener los detalles correctos&quot;)&#10;public void el_usuario_debe_tener_los_detalles_correctos() {&#10;    // Write code here that turns the phrase above into concrete actions&#10;    throw new io.cucumber.java.PendingException();&#10;}&#10;"/>
    <system-out><![CDATA[
Scenario: Agregar un nuevo usuario                                                                                                                                                  # src/test/resources/Features/usuarios.feature:7
  Given no hay usuarios registrados                                                                                                                                                 # null
  When se agrega un usuario con DNI "12345678", clave "password123", nombre "John", apellido "Doe", email "john.doe@example.com", teléfono "123456789", estado "Activo" y cargo "1" # null
  Then la lista de usuarios debe contener un usuario                                                                                                                                # null
  And el usuario debe tener los detalles correctos                                                                                                                                  # null
]]></system-out>
  </testcase>
  <testcase name="Modificar un usuario existente" classname="Funcionalidad para probar la gestión de usuarios" time="0.0">
    <skipped message="The step &quot;hay un usuario con DNI &quot;87654321&quot;, clave &quot;oldpassword&quot;, nombre &quot;Jane&quot;, apellido &quot;Doe&quot;, email &quot;jane.doe@example.com&quot;, teléfono &quot;987654321&quot;, estado &quot;Activo&quot; y cargo &quot;2&quot;&quot; is undefined. You can implement it using the snippet(s) below:&#10;&#10;@Given(&quot;hay un usuario con DNI {string}, clave {string}, nombre {string}, apellido {string}, email {string}, teléfono {string}, estado {string} y cargo {string}&quot;)&#10;public void hay_un_usuario_con_DNI_clave_nombre_apellido_email_teléfono_estado_y_cargo(String string, String string2, String string3, String string4, String string5, String string6, String string7, String string8) {&#10;    // Write code here that turns the phrase above into concrete actions&#10;    throw new io.cucumber.java.PendingException();&#10;}&#10;&#10;&#10;Some other steps were also undefined:&#10;&#10;@When(&quot;se modifica el usuario con DNI {string} con nuevos detalles&quot;)&#10;public void se_modifica_el_usuario_con_DNI_con_nuevos_detalles(String string) {&#10;    // Write code here that turns the phrase above into concrete actions&#10;    throw new io.cucumber.java.PendingException();&#10;}&#10;@Then(&quot;el usuario debe tener los detalles modificados&quot;)&#10;public void el_usuario_debe_tener_los_detalles_modificados() {&#10;    // Write code here that turns the phrase above into concrete actions&#10;    throw new io.cucumber.java.PendingException();&#10;}&#10;"/>
    <system-out><![CDATA[
Scenario: Modificar un usuario existente                                                                                                                                       # src/test/resources/Features/usuarios.feature:13
  Given hay un usuario con DNI "87654321", clave "oldpassword", nombre "Jane", apellido "Doe", email "jane.doe@example.com", teléfono "987654321", estado "Activo" y cargo "2" # null
  When se modifica el usuario con DNI "87654321" con nuevos detalles                                                                                                           # null
  Then el usuario debe tener los detalles modificados                                                                                                                          # null
]]></system-out>
  </testcase>
  <testcase name="Eliminar un usuario existente" classname="Funcionalidad para probar la gestión de usuarios" time="0.0">
    <skipped message="The step &quot;hay un usuario con DNI &quot;55555555&quot;, clave &quot;deletepassword&quot;, nombre &quot;Alice&quot;, apellido &quot;Smith&quot;, email &quot;alice.smith@example.com&quot;, teléfono &quot;555555555&quot;, estado &quot;Activo&quot; y cargo &quot;3&quot;&quot; is undefined. You can implement it using the snippet(s) below:&#10;&#10;@Given(&quot;hay un usuario con DNI {string}, clave {string}, nombre {string}, apellido {string}, email {string}, teléfono {string}, estado {string} y cargo {string}&quot;)&#10;public void hay_un_usuario_con_DNI_clave_nombre_apellido_email_teléfono_estado_y_cargo(String string, String string2, String string3, String string4, String string5, String string6, String string7, String string8) {&#10;    // Write code here that turns the phrase above into concrete actions&#10;    throw new io.cucumber.java.PendingException();&#10;}&#10;&#10;&#10;Some other steps were also undefined:&#10;&#10;@When(&quot;se elimina el usuario con DNI {string}&quot;)&#10;public void se_elimina_el_usuario_con_DNI(String string) {&#10;    // Write code here that turns the phrase above into concrete actions&#10;    throw new io.cucumber.java.PendingException();&#10;}&#10;@Then(&quot;la lista de usuarios no debe contener al usuario eliminado&quot;)&#10;public void la_lista_de_usuarios_no_debe_contener_al_usuario_eliminado() {&#10;    // Write code here that turns the phrase above into concrete actions&#10;    throw new io.cucumber.java.PendingException();&#10;}&#10;"/>
    <system-out><![CDATA[
Scenario: Eliminar un usuario existente                                                                                                                                                 # src/test/resources/Features/usuarios.feature:18
  Given hay un usuario con DNI "55555555", clave "deletepassword", nombre "Alice", apellido "Smith", email "alice.smith@example.com", teléfono "555555555", estado "Activo" y cargo "3" # null
  When se elimina el usuario con DNI "55555555"                                                                                                                                         # null
  Then la lista de usuarios no debe contener al usuario eliminado                                                                                                                       # null
]]></system-out>
  </testcase>
  <testcase name="Validar inicio de sesión del usuario" classname="Funcionalidad para probar la gestión de usuarios" time="0.0">
    <skipped message="The step &quot;hay un usuario con DNI &quot;99999999&quot;, clave &quot;loginpassword&quot;, nombre &quot;Bob&quot;, apellido &quot;Johnson&quot;, email &quot;bob.johnson@example.com&quot;, teléfono &quot;999999999&quot;, estado &quot;Activo&quot; y cargo &quot;1&quot;&quot; is undefined. You can implement it using the snippet(s) below:&#10;&#10;@Given(&quot;hay un usuario con DNI {string}, clave {string}, nombre {string}, apellido {string}, email {string}, teléfono {string}, estado {string} y cargo {string}&quot;)&#10;public void hay_un_usuario_con_DNI_clave_nombre_apellido_email_teléfono_estado_y_cargo(String string, String string2, String string3, String string4, String string5, String string6, String string7, String string8) {&#10;    // Write code here that turns the phrase above into concrete actions&#10;    throw new io.cucumber.java.PendingException();&#10;}&#10;&#10;&#10;Some other steps were also undefined:&#10;&#10;@When(&quot;el usuario con DNI {string} valida el inicio de sesión con clave {string}&quot;)&#10;public void el_usuario_con_DNI_valida_el_inicio_de_sesión_con_clave(String string, String string2) {&#10;    // Write code here that turns the phrase above into concrete actions&#10;    throw new io.cucumber.java.PendingException();&#10;}&#10;@Then(&quot;la validación del inicio de sesión debe ser exitosa&quot;)&#10;public void la_validación_del_inicio_de_sesión_debe_ser_exitosa() {&#10;    // Write code here that turns the phrase above into concrete actions&#10;    throw new io.cucumber.java.PendingException();&#10;}&#10;"/>
    <system-out><![CDATA[
Scenario: Validar inicio de sesión del usuario                                                                                                                                         # src/test/resources/Features/usuarios.feature:23
  Given hay un usuario con DNI "99999999", clave "loginpassword", nombre "Bob", apellido "Johnson", email "bob.johnson@example.com", teléfono "999999999", estado "Activo" y cargo "1" # null
  When el usuario con DNI "99999999" valida el inicio de sesión con clave "loginpassword"                                                                                              # null
  Then la validación del inicio de sesión debe ser exitosa                                                                                                                             # null
]]></system-out>
  </testcase>
</testsuite>