<?xml version="1.0" encoding="UTF-8"?>
<testsuite xmlns:xsi="http://www.w3.org/2001/XMLSchema-instance" xsi:noNamespaceSchemaLocation="https://maven.apache.org/surefire/maven-surefire-plugin/xsd/surefire-test-report-3.0.xsd" version="3.0" name="StepDefinitions.TestRunner" time="2.281" tests="14" errors="0" skipped="0" failures="0">
  <properties>
[...]
</properties>
  <testcase name="Listar Cargos" classname="Gestión de Cargos" time="1.081">
    <system-out><![CDATA[
Scenario: Listar Cargos                                          # src/test/resources/Features/cargo.feature:7
  Given el usuario está en la página de administración de cargos # StepDefinitions.CargoSteps.user_is_on_cargo_admin_page()
  When el usuario lista los cargos                               # StepDefinitions.CargoSteps.user_lists_cargos()
  Then se deberían mostrar todos los cargos                      # StepDefinitions.CargoSteps.cargos_should_be_displayed()
]]></system-out>
    <system-err><![CDATA[dic. 14, 2023 11:11:33 P. M. io.cucumber.junit.Cucumber <init>
WARNING: By default Cucumber is running in --non-strict mode.
This default will change to --strict and --non-strict will be removed.
You can use --strict or @CucumberOptions(strict = true) to suppress this warning
]]></system-err>
  </testcase>
  <testcase name="Buscar Cargo por Código" classname="Gestión de Cargos" time="0.134">
    <system-out><![CDATA[
Scenario: Buscar Cargo por Código                                # src/test/resources/Features/cargo.feature:12
  Given el usuario está en la página de administración de cargos # StepDefinitions.CargoSteps.user_is_on_cargo_admin_page()
  When el usuario busca un cargo por código                      # StepDefinitions.CargoSteps.user_searches_cargo_by_code()
  Then debería encontrar el cargo correspondiente                # StepDefinitions.CargoSteps.cargo_should_be_found()
]]></system-out>
  </testcase>
  <testcase name="Agregar Nuevo Cargo" classname="Gestión de Cargos" time="0.004">
    <system-out><![CDATA[
Scenario: Agregar Nuevo Cargo                                    # src/test/resources/Features/cargo.feature:17
  Given el usuario está en la página de administración de cargos # StepDefinitions.CargoSteps.user_is_on_cargo_admin_page()
error al agregar Duplicate entry '3' for key 'PRIMARY'  When el usuario agrega un nuevo cargo                          # StepDefinitions.CargoSteps.user_adds_new_cargo()
  Then el nuevo cargo debería estar en la lista de cargos        # StepDefinitions.CargoSteps.new_cargo_should_be_in_cargo_list()
]]></system-out>
  </testcase>
  <testcase name="Eliminar Cargo" classname="Gestión de Cargos" time="0.002">
    <system-out><![CDATA[
Scenario: Eliminar Cargo                                         # src/test/resources/Features/cargo.feature:22
  Given el usuario está en la página de administración de cargos # StepDefinitions.CargoSteps.user_is_on_cargo_admin_page()
  When el usuario elimina un cargo                               # StepDefinitions.CargoSteps.user_deletes_cargo()
  Then el cargo debería ser eliminado de la lista de cargos      # StepDefinitions.CargoSteps.cargo_should_be_deleted_from_cargo_list()
]]></system-out>
  </testcase>
  <testcase name="Modificar Cargo" classname="Gestión de Cargos" time="0.002">
    <system-out><![CDATA[
Scenario: Modificar Cargo                                          # src/test/resources/Features/cargo.feature:27
  Given el usuario está en la página de administración de cargos   # StepDefinitions.CargoSteps.user_is_on_cargo_admin_page()
update tbcargos set nombre='Visitante'where id=2;  When el usuario modifica un cargo                                # StepDefinitions.CargoSteps.user_modifies_cargo()
  Then el cargo debería reflejar los cambios en la lista de cargos # StepDefinitions.CargoSteps.cargo_should_reflect_changes_in_cargo_list()
]]></system-out>
  </testcase>
  <testcase name="Listar clientes" classname="Gestión de Clientes" time="0.03">
    <system-out><![CDATA[
Scenario: Listar clientes                                   # src/test/resources/Features/cliente.feature:7
  Given el usuario está en la página de gestión de clientes # StepDefinitions.ClienteSteps.user_is_on_client_management_page()
  When el usuario lista los clientes                        # StepDefinitions.ClienteSteps.user_lists_clients()
  Then se deberían mostrar todos los clientes               # StepDefinitions.ClienteSteps.clients_should_be_displayed()
]]></system-out>
  </testcase>
  <testcase name="Agregar nuevo cliente" classname="Gestión de Clientes" time="0.011">
    <system-out><![CDATA[
Scenario: Agregar nuevo cliente                                                                                              # src/test/resources/Features/cliente.feature:12
  Given el usuario está en la página de gestión de clientes                                                                  # StepDefinitions.ClienteSteps.user_is_on_client_management_page()
error al agregar Data truncation: Data too long for column 'telefono' at row 1  When el usuario agrega un nuevo cliente con DNI "{DNI}", nombre "{Nombre}", apellido "{Apellido}", y teléfono "{Telefono}" # StepDefinitions.ClienteSteps.user_adds_new_client(java.lang.String,java.lang.String,java.lang.String,java.lang.String)
  Then el nuevo cliente debería estar en la lista de clientes                                                                # StepDefinitions.ClienteSteps.new_client_should_be_in_client_list()
]]></system-out>
  </testcase>
  <testcase name="Buscar cliente por DNI" classname="Gestión de Clientes" time="0.022">
    <system-out><![CDATA[
Scenario: Buscar cliente por DNI                            # src/test/resources/Features/cliente.feature:17
  Given el usuario está en la página de gestión de clientes # StepDefinitions.ClienteSteps.user_is_on_client_management_page()
  When el usuario busca un cliente por DNI "{DNI}"          # StepDefinitions.ClienteSteps.user_searches_client_by_dni(java.lang.String)
  Then debería encontrar el cliente correspondiente         # StepDefinitions.ClienteSteps.client_should_be_found()
]]></system-out>
  </testcase>
  <testcase name="Modificar cliente" classname="Gestión de Clientes" time="0.019">
    <system-out><![CDATA[
Scenario: Modificar cliente                                                                   # src/test/resources/Features/cliente.feature:22
  Given el usuario está en la página de gestión de clientes                                   # StepDefinitions.ClienteSteps.user_is_on_client_management_page()
UPDATE tbcliente SET direccion = '{NuevoNombre}',apellido = 'null',telefono = 'null' WHERE dni = {DNI}error al Modificar You have an error in your SQL syntax; check the manual that corresponds to your MariaDB server version for the right syntax to use near '}' at line 1  When el usuario modifica el cliente con DNI "{DNI}" y actualiza el nombre a "{NuevoNombre}" # StepDefinitions.ClienteSteps.user_modifies_client(java.lang.String,java.lang.String)
  Then el cliente debería reflejar los cambios en la lista de clientes                        # StepDefinitions.ClienteSteps.client_should_reflect_changes_in_client_list()
]]></system-out>
  </testcase>
  <testcase name="Eliminar cliente" classname="Gestión de Clientes" time="0.021">
    <system-out><![CDATA[
Scenario: Eliminar cliente                                      # src/test/resources/Features/cliente.feature:27
  Given el usuario está en la página de gestión de clientes     # StepDefinitions.ClienteSteps.user_is_on_client_management_page()
  When el usuario elimina el cliente con DNI "{DNI}"            # StepDefinitions.ClienteSteps.user_deletes_client(java.lang.String)
  Then el cliente debería ser eliminado de la lista de clientes # StepDefinitions.ClienteSteps.client_should_be_deleted_from_client_list()
]]></system-out>
  </testcase>
  <testcase name="Verificar la conexión a la base de datos" classname="feature para probar la conexión a la base de datos" time="0.02">
    <system-out><![CDATA[
Scenario: Verificar la conexión a la base de datos  # src/test/resources/Features/conexion.feature:7
  Given se establece la conexión a la base de datos # StepDefinitions.ConexionSteps.seEstableceLaConexionALaBaseDeDatos()
  When se realiza una consulta simple               # StepDefinitions.ConexionSteps.seRealizaUnaConsultaSimple()
  Then la conexión a la base de datos es exitosa    # StepDefinitions.ConexionSteps.laConexionALaBaseDeDatosEsExitosa()
]]></system-out>
  </testcase>
  <testcase name="Check password recovery is successful with valid email" classname="feature to test password recovery functionality" time="0.007">
    <system-out><![CDATA[
Scenario: Check password recovery is successful with valid email # src/test/resources/Features/recovery.feature:4
Inside Step - user is on the password recovery page
  Given user is on the password recovery page                    # StepDefinitions.RecoverySteps.user_is_on_password_recovery_page()
Inside Step - user enters their registered email
  When user enters their registered email                        # StepDefinitions.RecoverySteps.user_enters_registered_email()
Inside Step - clicks on the recovery button
  And clicks on the recovery button                              # StepDefinitions.RecoverySteps.clicks_on_recovery_button()
Inside Step - user receives a password reset email
  Then user receives a password reset email                      # StepDefinitions.RecoverySteps.user_receives_password_reset_email()
]]></system-out>
  </testcase>
  <testcase name="Check password recovery fails with an invalid email" classname="feature to test password recovery functionality" time="0.011">
    <system-out><![CDATA[
Scenario: Check password recovery fails with an invalid email # src/test/resources/Features/recovery.feature:10
Inside Step - user is on the password recovery page
  Given user is on the password recovery page                 # StepDefinitions.RecoverySteps.user_is_on_password_recovery_page()
Inside Step - user enters an invalid email
  When user enters an invalid email                           # StepDefinitions.RecoverySteps.user_enters_invalid_email()
Inside Step - clicks on the recovery button
  And clicks on the recovery button                           # StepDefinitions.RecoverySteps.clicks_on_recovery_button()
Inside Step - user sees an error message
  Then user sees an error message                             # StepDefinitions.RecoverySteps.user_sees_error_message()
]]></system-out>
  </testcase>
  <testcase name="Realizar una reserva exitosa" classname="Reservar una habitación de hotel" time="0.013">
    <system-out><![CDATA[
Scenario: Realizar una reserva exitosa                                                                                  # src/test/resources/Features/reserva.feature:7
  Given el usuario está en la página de reservas                                                                        # StepDefinitions.ReservaSteps.elUsuarioEstaEnLaPaginaDeReservas()
  When el usuario selecciona una habitación individual con fecha de entrada "2023-12-01" y fecha de salida "2023-12-05" # StepDefinitions.ReservaSteps.elUsuarioSeleccionaUnaHabitacionIndividualConFechas(java.lang.String,java.lang.String)
  And completa la información del huésped con nombre "Juan Pérez" y número de teléfono "123456789"                      # StepDefinitions.ReservaSteps.completaLaInformacionDelHuesped(java.lang.String,java.lang.String)
  And hace clic en el botón de reserva                                                                                  # StepDefinitions.ReservaSteps.haceClicEnElBotonDeReserva()
  Then la reserva debería ser confirmada con un número de reserva único                                                 # StepDefinitions.ReservaSteps.laReservaDeberiaSerConfirmadaConNumeroUnico()
  And el usuario debería recibir un correo electrónico de confirmación                                                  # StepDefinitions.ReservaSteps.elUsuarioDeberiaRecibirCorreoDeConfirmacion()
]]></system-out>
  </testcase>
</testsuite>